<?xml version="1.0" encoding="UTF-8"?>
<!-- Generated by org.testng.reporters.JUnitXMLReporter -->
<testsuite ignored="5" hostname="DESKTOP-HH8RNJR" failures="0" tests="1" name="Default test" time="130.54" errors="0" timestamp="2024-09-16T13:53:58 EEST">
  <testcase classname="Tests.CreateNewReturnInvoiceTest" name="createNewPurchaseCashbackInvoice" time="120.871"/>
  <testcase classname="Tests.CreateNewReturnInvoiceTest" name="createNewCashbackSalesInvoice" time="0.0">
    <ignored/>
  </testcase> <!-- createNewCashbackSalesInvoice -->
  <testcase classname="Tests.CreateNewReturnInvoiceTest" name="createNewPurchaseReturnInvoiceWithoutReferenceInvoice" time="0.0">
    <ignored/>
  </testcase> <!-- createNewPurchaseReturnInvoiceWithoutReferenceInvoice -->
  <testcase classname="Tests.CreateNewReturnInvoiceTest" name="createNewReturnPurchaseInvoice" time="0.0">
    <ignored/>
  </testcase> <!-- createNewReturnPurchaseInvoice -->
  <testcase classname="Tests.CreateNewReturnInvoiceTest" name="createNewSalesReturnInvoiceWithoutReferenceInvoice" time="0.0">
    <ignored/>
  </testcase> <!-- createNewSalesReturnInvoiceWithoutReferenceInvoice -->
  <testcase classname="Tests.CreateNewReturnInvoiceTest" name="createNewReturnSalesInvoice" time="0.0">
    <ignored/>
  </testcase> <!-- createNewReturnSalesInvoice -->
</testsuite> <!-- Default test -->
