<?xml version="1.0" encoding="UTF-8"?>
<!-- Generated by org.testng.reporters.JUnitXMLReporter -->
<testsuite ignored="1" hostname="DESKTOP-HH8RNJR" failures="0" tests="1" name="Default test" time="13.76" errors="0" timestamp="2024-09-01T10:30:18 EEST">
  <testcase classname="Tests.CreateNewReturnInvoiceTest" name="createNewReturnInvoiceWithReferenceInvoice" time="6.674"/>
  <testcase classname="Tests.CreateNewReturnInvoiceTest" name="createNewReturnSalesInvoice" time="0.0">
    <ignored/>
  </testcase> <!-- createNewReturnSalesInvoice -->
</testsuite> <!-- Default test -->
