<?xml version="1.0" encoding="UTF-8"?>
<!-- Generated by org.testng.reporters.JUnitXMLReporter -->
<testsuite ignored="0" hostname="DESKTOP-HH8RNJR" failures="2" tests="15" name="Test" time="461.591" errors="0" timestamp="2024-11-11T14:51:40 EET">
  <testcase classname="Tests.LoginTest" name="loginAndAssert" time="2.41"/>
  <testcase classname="Tests.CreateNewCompanyTest" name="createNewCompany" time="29.576"/>
  <testcase classname="Tests.CreateNewClientTest" name="createNewClient" time="8.339"/>
  <testcase classname="Tests.CreateNewProductTest" name="createNewProduct" time="7.503"/>
  <testcase classname="Tests.CreateNewInvoiceTest" name="createNewSalesInvoice" time="36.026"/>
  <testcase classname="Tests.CreateNewInvoiceTest" name="createNewPurchaseInvoice" time="30.207">
    <failure type="java.lang.AssertionError" message="expected [true] but found [false]">
      <![CDATA[java.lang.AssertionError: expected [true] but found [false]
at Tests.CreateNewInvoiceTest.createNewPurchaseInvoice(CreateNewInvoiceTest.java:89)
at java.base/java.util.ArrayList.forEach(ArrayList.java:1596)
... Removed 29 stack frames]]>
    </failure>
  </testcase> <!-- createNewPurchaseInvoice -->
  <testcase classname="Tests.CreateNewReturnInvoiceTest" name="createNewReturnSalesInvoice" time="19.019"/>
  <testcase classname="Tests.CreateNewReturnInvoiceTest" name="createNewSalesReturnInvoiceWithoutReferenceInvoice" time="31.54"/>
  <testcase classname="Tests.CreateNewReturnInvoiceTest" name="createNewCashbackSalesInvoice" time="23.134"/>
  <testcase classname="Tests.CreateNewReturnInvoiceTest" name="createNewReturnPurchaseInvoice" time="20.807"/>
  <testcase classname="Tests.CreateNewReturnInvoiceTest" name="createNewPurchaseReturnInvoiceWithoutReferenceInvoice" time="19.009">
    <failure type="java.lang.AssertionError" message="expected [true] but found [false]">
      <![CDATA[java.lang.AssertionError: expected [true] but found [false]
at Tests.CreateNewReturnInvoiceTest.createNewPurchaseReturnInvoiceWithoutReferenceInvoice(CreateNewReturnInvoiceTest.java:193)
at java.base/java.util.ArrayList.forEach(ArrayList.java:1596)
... Removed 29 stack frames]]>
    </failure>
  </testcase> <!-- createNewPurchaseReturnInvoiceWithoutReferenceInvoice -->
  <testcase classname="Tests.CreateNewReturnInvoiceTest" name="createNewPurchaseCashbackInvoice" time="16.908"/>
  <testcase classname="Tests.ImportInvoicesTest" name="ImportSalesInvoices" time="6.898"/>
  <testcase classname="Tests.ImportInvoicesTest" name="ImportPurchaseInvoices" time="7.752"/>
  <testcase classname="Tests.CreateNewVATReportTest" name="createNewVatReport" time="7.637"/>
</testsuite> <!-- Test -->
