<?xml version="1.0" encoding="UTF-8"?>
<testng-results ignored="0" total="1" passed="0" failed="1" skipped="0">
  <reporter-output>
  </reporter-output>
  <suite started-at="2024-09-16T13:44:46 EEST" name="Default suite" finished-at="2024-09-16T13:45:22 EEST" duration-ms="35977">
    <groups>
    </groups>
    <test started-at="2024-09-16T13:44:46 EEST" name="Default test" finished-at="2024-09-16T13:45:22 EEST" duration-ms="35977">
      <class name="Tests.CreateNewProductTest">
        <test-method is-config="true" signature="setUp()[pri:0, instance:Tests.CreateNewProductTest@496bc455]" started-at="2024-09-16T13:44:24 EEST" name="setUp" finished-at="2024-09-16T13:44:46 EEST" duration-ms="21957" status="PASS">
          <reporter-output>
          </reporter-output>
        </test-method> <!-- setUp -->
        <test-method is-config="true" signature="beforeClass()[pri:0, instance:Tests.CreateNewProductTest@496bc455]" started-at="2024-09-16T13:44:46 EEST" name="beforeClass" finished-at="2024-09-16T13:44:46 EEST" duration-ms="26" status="PASS">
          <reporter-output>
          </reporter-output>
        </test-method> <!-- beforeClass -->
        <test-method is-config="true" signature="beforeMethod()[pri:0, instance:Tests.CreateNewProductTest@496bc455]" started-at="2024-09-16T13:44:49 EEST" name="beforeMethod" finished-at="2024-09-16T13:45:19 EEST" duration-ms="29390" status="PASS">
          <reporter-output>
          </reporter-output>
        </test-method> <!-- beforeMethod -->
        <test-method signature="createNewProduct(java.lang.String,java.lang.String,java.lang.String,java.lang.String,java.lang.String,java.lang.String,java.lang.String)[pri:0, instance:Tests.CreateNewProductTest@496bc455]" started-at="2024-09-16T13:45:19 EEST" name="createNewProduct" data-provider="getProductData" finished-at="2024-09-16T13:45:22 EEST" duration-ms="3737" status="FAIL">
          <params>
            <param index="0">
              <value>
                <![CDATA[منتج]]>
              </value>
            </param>
            <param index="1">
              <value>
                <![CDATA[product]]>
              </value>
            </param>
            <param index="2">
              <value>
                <![CDATA[وصف المنتج]]>
              </value>
            </param>
            <param index="3">
              <value>
                <![CDATA[product description]]>
              </value>
            </param>
            <param index="4">
              <value>
                <![CDATA[كلاهما]]>
              </value>
            </param>
            <param index="5">
              <value>
                <![CDATA[1000]]>
              </value>
            </param>
            <param index="6">
              <value>
                <![CDATA[Auto]]>
              </value>
            </param>
          </params>
          <exception class="org.openqa.selenium.NoSuchElementException">
            <message>
              <![CDATA[no such element: Unable to locate element: {"method":"xpath","selector":"//div[contains(@class, 'Toastify__toast')]/div"}
  (Session info: chrome=128.0.6613.120)
For documentation on this error, please visit: https://www.selenium.dev/documentation/webdriver/troubleshooting/errors#no-such-element-exception
Build info: version: '4.14.1', revision: '03f8ede370'
System info: os.name: 'Windows 10', os.arch: 'amd64', os.version: '10.0', java.version: '21.0.3'
Driver info: org.openqa.selenium.chrome.ChromeDriver
Command: [e221ede8031df2132ad5699eba506618, findElement {using=xpath, value=//div[contains(@class, 'Toastify__toast')]/div}]
Capabilities {acceptInsecureCerts: false, browserName: chrome, browserVersion: 128.0.6613.120, chrome: {chromedriverVersion: 128.0.6613.137 (fe621c5aa2d..., userDataDir: C:\Users\lenovo\AppData\Loc...}, fedcm:accounts: true, goog:chromeOptions: {debuggerAddress: localhost:55649}, networkConnectionEnabled: false, pageLoadStrategy: normal, platformName: windows, proxy: Proxy(), se:cdp: ws://localhost:55649/devtoo..., se:cdpVersion: 128.0.6613.120, setWindowRect: true, strictFileInteractability: false, timeouts: {implicit: 0, pageLoad: 300000, script: 30000}, unhandledPromptBehavior: dismiss and notify, webauthn:extension:credBlob: true, webauthn:extension:largeBlob: true, webauthn:extension:minPinLength: true, webauthn:extension:prf: true, webauthn:virtualAuthenticators: true}
Session ID: e221ede8031df2132ad5699eba506618]]>
            </message>
            <full-stacktrace>
              <![CDATA[org.openqa.selenium.NoSuchElementException: no such element: Unable to locate element: {"method":"xpath","selector":"//div[contains(@class, 'Toastify__toast')]/div"}
  (Session info: chrome=128.0.6613.120)
For documentation on this error, please visit: https://www.selenium.dev/documentation/webdriver/troubleshooting/errors#no-such-element-exception
Build info: version: '4.14.1', revision: '03f8ede370'
System info: os.name: 'Windows 10', os.arch: 'amd64', os.version: '10.0', java.version: '21.0.3'
Driver info: org.openqa.selenium.chrome.ChromeDriver
Command: [e221ede8031df2132ad5699eba506618, findElement {using=xpath, value=//div[contains(@class, 'Toastify__toast')]/div}]
Capabilities {acceptInsecureCerts: false, browserName: chrome, browserVersion: 128.0.6613.120, chrome: {chromedriverVersion: 128.0.6613.137 (fe621c5aa2d..., userDataDir: C:\Users\lenovo\AppData\Loc...}, fedcm:accounts: true, goog:chromeOptions: {debuggerAddress: localhost:55649}, networkConnectionEnabled: false, pageLoadStrategy: normal, platformName: windows, proxy: Proxy(), se:cdp: ws://localhost:55649/devtoo..., se:cdpVersion: 128.0.6613.120, setWindowRect: true, strictFileInteractability: false, timeouts: {implicit: 0, pageLoad: 300000, script: 30000}, unhandledPromptBehavior: dismiss and notify, webauthn:extension:credBlob: true, webauthn:extension:largeBlob: true, webauthn:extension:minPinLength: true, webauthn:extension:prf: true, webauthn:virtualAuthenticators: true}
Session ID: e221ede8031df2132ad5699eba506618
at java.base/jdk.internal.reflect.DirectConstructorHandleAccessor.newInstance(DirectConstructorHandleAccessor.java:62)
at java.base/java.lang.reflect.Constructor.newInstanceWithCaller(Constructor.java:502)
at java.base/java.lang.reflect.Constructor.newInstance(Constructor.java:486)
at org.openqa.selenium.remote.codec.w3c.W3CHttpResponseCodec.createException(W3CHttpResponseCodec.java:200)
at org.openqa.selenium.remote.codec.w3c.W3CHttpResponseCodec.decode(W3CHttpResponseCodec.java:133)
at org.openqa.selenium.remote.codec.w3c.W3CHttpResponseCodec.decode(W3CHttpResponseCodec.java:52)
at org.openqa.selenium.remote.HttpCommandExecutor.execute(HttpCommandExecutor.java:191)
at org.openqa.selenium.remote.service.DriverCommandExecutor.invokeExecute(DriverCommandExecutor.java:200)
at org.openqa.selenium.remote.service.DriverCommandExecutor.execute(DriverCommandExecutor.java:175)
at org.openqa.selenium.remote.RemoteWebDriver.execute(RemoteWebDriver.java:602)
at org.openqa.selenium.remote.ElementLocation$ElementFinder$2.findElement(ElementLocation.java:165)
at org.openqa.selenium.remote.ElementLocation.findElement(ElementLocation.java:59)
at org.openqa.selenium.remote.RemoteWebDriver.findElement(RemoteWebDriver.java:359)
at org.openqa.selenium.remote.RemoteWebDriver.findElement(RemoteWebDriver.java:353)
at Pages.PageBase.getSuccessMsg(PageBase.java:78)
at Tests.CreateNewProductTest.createNewProduct(CreateNewProductTest.java:54)
at java.base/jdk.internal.reflect.DirectMethodHandleAccessor.invoke(DirectMethodHandleAccessor.java:103)
at java.base/java.lang.reflect.Method.invoke(Method.java:580)
at org.testng.internal.invokers.MethodInvocationHelper.invokeMethod(MethodInvocationHelper.java:139)
at org.testng.internal.invokers.TestInvoker.invokeMethod(TestInvoker.java:664)
at org.testng.internal.invokers.TestInvoker.invokeTestMethod(TestInvoker.java:227)
at org.testng.internal.invokers.MethodRunner.runInSequence(MethodRunner.java:50)
at org.testng.internal.invokers.TestInvoker$MethodInvocationAgent.invoke(TestInvoker.java:957)
at org.testng.internal.invokers.TestInvoker.invokeTestMethods(TestInvoker.java:200)
at org.testng.internal.invokers.TestMethodWorker.invokeTestMethods(TestMethodWorker.java:148)
at org.testng.internal.invokers.TestMethodWorker.run(TestMethodWorker.java:128)
at java.base/java.util.ArrayList.forEach(ArrayList.java:1596)
at org.testng.TestRunner.privateRun(TestRunner.java:848)
at org.testng.TestRunner.run(TestRunner.java:621)
at org.testng.SuiteRunner.runTest(SuiteRunner.java:443)
at org.testng.SuiteRunner.runSequentially(SuiteRunner.java:437)
at org.testng.SuiteRunner.privateRun(SuiteRunner.java:397)
at org.testng.SuiteRunner.run(SuiteRunner.java:336)
at org.testng.SuiteRunnerWorker.runSuite(SuiteRunnerWorker.java:52)
at org.testng.SuiteRunnerWorker.run(SuiteRunnerWorker.java:95)
at org.testng.TestNG.runSuitesSequentially(TestNG.java:1280)
at org.testng.TestNG.runSuitesLocally(TestNG.java:1200)
at org.testng.TestNG.runSuites(TestNG.java:1114)
at org.testng.TestNG.run(TestNG.java:1082)
at org.testng.remote.AbstractRemoteTestNG.run(AbstractRemoteTestNG.java:115)
at org.testng.remote.RemoteTestNG.initAndRun(RemoteTestNG.java:293)
at org.testng.remote.RemoteTestNG.main(RemoteTestNG.java:91)
]]>
            </full-stacktrace>
          </exception> <!-- org.openqa.selenium.NoSuchElementException -->
          <reporter-output>
          </reporter-output>
        </test-method> <!-- createNewProduct -->
      </class> <!-- Tests.CreateNewProductTest -->
    </test> <!-- Default test -->
  </suite> <!-- Default suite -->
</testng-results>
