<?xml version="1.0" encoding="UTF-8"?>
<testng-results ignored="0" total="1" passed="1" failed="0" skipped="0">
  <reporter-output>
  </reporter-output>
  <suite started-at="2024-09-07T18:45:57 EEST" name="Default suite" finished-at="2024-09-07T18:46:39 EEST" duration-ms="41789">
    <groups>
    </groups>
    <test started-at="2024-09-07T18:45:57 EEST" name="Default test" finished-at="2024-09-07T18:46:39 EEST" duration-ms="41789">
      <class name="Tests.CreateNewClientTest">
        <test-method is-config="true" signature="setUp()[pri:0, instance:Tests.CreateNewClientTest@496bc455]" started-at="2024-09-07T18:45:54 EEST" name="setUp" finished-at="2024-09-07T18:45:57 EEST" duration-ms="2821" status="PASS">
          <reporter-output>
          </reporter-output>
        </test-method> <!-- setUp -->
        <test-method is-config="true" signature="beforeClass()[pri:0, instance:Tests.CreateNewClientTest@496bc455]" started-at="2024-09-07T18:45:57 EEST" name="beforeClass" finished-at="2024-09-07T18:45:57 EEST" duration-ms="7" status="PASS">
          <reporter-output>
          </reporter-output>
        </test-method> <!-- beforeClass -->
        <test-method is-config="true" signature="login()[pri:0, instance:Tests.CreateNewClientTest@496bc455]" started-at="2024-09-07T18:45:58 EEST" name="login" finished-at="2024-09-07T18:46:08 EEST" duration-ms="9838" status="PASS">
          <reporter-output>
          </reporter-output>
        </test-method> <!-- login -->
        <test-method signature="createNewClient(java.lang.String,java.lang.String,java.lang.String,java.lang.String,java.lang.String,java.lang.String,java.lang.String,java.lang.String,java.lang.String,java.lang.String,java.lang.String,java.lang.String,java.lang.String,java.lang.String,java.lang.String,java.lang.String,java.lang.String,java.lang.String,java.lang.String,java.lang.String,java.lang.String,java.lang.String,java.lang.String,java.lang.String,java.lang.String,java.lang.String)[pri:0, instance:Tests.CreateNewClientTest@496bc455]" started-at="2024-09-07T18:46:08 EEST" name="createNewClient" data-provider="getClientData" finished-at="2024-09-07T18:46:39 EEST" duration-ms="30980" status="PASS">
          <params>
            <param index="0">
              <value>
                <![CDATA[Both]]>
              </value>
            </param>
            <param index="1">
              <value>
                <![CDATA[منة الله عماد]]>
              </value>
            </param>
            <param index="2">
              <value>
                <![CDATA[Menna Emad]]>
              </value>
            </param>
            <param index="3">
              <value>
                <![CDATA[حساب]]>
              </value>
            </param>
            <param index="4">
              <value>
                <![CDATA[كلاهما]]>
              </value>
            </param>
            <param index="5">
              <value>
                <![CDATA[مؤسسة]]>
              </value>
            </param>
            <param index="6">
              <value>
                <![CDATA[1111122222]]>
              </value>
            </param>
            <param index="7">
              <value>
                <![CDATA[2147483647]]>
              </value>
            </param>
            <param index="8">
              <value>
                <![CDATA[https://fai-wp.ahadtest.com]]>
              </value>
            </param>
            <param index="9">
              <value>
                <![CDATA[123451234512345]]>
              </value>
            </param>
            <param index="10">
              <value>
                <![CDATA[مصر]]>
              </value>
            </param>
            <param index="11">
              <value>
                <![CDATA[الإسكندرية]]>
              </value>
            </param>
            <param index="12">
              <value>
                <![CDATA[سموحه]]>
              </value>
            </param>
            <param index="13">
              <value>
                <![CDATA[123]]>
              </value>
            </param>
            <param index="14">
              <value>
                <![CDATA[12345]]>
              </value>
            </param>
            <param index="15">
              <value>
                <![CDATA[سموحه]]>
              </value>
            </param>
            <param index="16">
              <value>
                <![CDATA[smouha]]>
              </value>
            </param>
            <param index="17">
              <value>
                <![CDATA[0559505553]]>
              </value>
            </param>
            <param index="18">
              <value>
                <![CDATA[menna@fai.ws]]>
              </value>
            </param>
            <param index="19">
              <value>
                <![CDATA[ماريو نادى]]>
              </value>
            </param>
            <param index="20">
              <value>
                <![CDATA[MarioNady]]>
              </value>
            </param>
            <param index="21">
              <value>
                <![CDATA[مدير منتج]]>
              </value>
            </param>
            <param index="22">
              <value>
                <![CDATA[product manager]]>
              </value>
            </param>
            <param index="23">
              <value>
                <![CDATA[mario@fai.ws]]>
              </value>
            </param>
            <param index="24">
              <value>
                <![CDATA[مُعتَمَد]]>
              </value>
            </param>
            <param index="25">
              <value>
                <![CDATA[0559505554]]>
              </value>
            </param>
          </params>
          <reporter-output>
          </reporter-output>
        </test-method> <!-- createNewClient -->
      </class> <!-- Tests.CreateNewClientTest -->
    </test> <!-- Default test -->
  </suite> <!-- Default suite -->
</testng-results>
