<?xml version="1.0" encoding="UTF-8"?>
<testng-results ignored="0" total="1" passed="1" failed="0" skipped="0">
  <reporter-output>
  </reporter-output>
  <suite started-at="2024-11-11T15:17:23 EET" name="Default suite" finished-at="2024-11-11T15:17:56 EET" duration-ms="32946">
    <groups>
    </groups>
    <test started-at="2024-11-11T15:17:23 EET" name="Default test" finished-at="2024-11-11T15:17:56 EET" duration-ms="32946">
      <class name="Tests.CreateNewReturnInvoiceTest">
        <test-method is-config="true" signature="setUp()[pri:0, instance:Tests.CreateNewReturnInvoiceTest@305ffe9e]" started-at="2024-11-11T15:17:23 EET" name="setUp" finished-at="2024-11-11T15:17:30 EET" duration-ms="7157" status="PASS">
          <reporter-output>
          </reporter-output>
        </test-method> <!-- setUp -->
        <test-method is-config="true" signature="beforeClass()[pri:0, instance:Tests.CreateNewReturnInvoiceTest@305ffe9e]" started-at="2024-11-11T15:17:30 EET" name="beforeClass" finished-at="2024-11-11T15:17:35 EET" duration-ms="5122" status="PASS">
          <reporter-output>
          </reporter-output>
        </test-method> <!-- beforeClass -->
        <test-method signature="createNewPurchaseCashbackInvoice(java.lang.String,java.lang.String,java.lang.String,java.lang.String,java.lang.String,java.lang.String,java.lang.String)[pri:6, instance:Tests.CreateNewReturnInvoiceTest@305ffe9e]" started-at="2024-11-11T15:17:37 EET" name="createNewPurchaseCashbackInvoice" data-provider="getPurchasesCashbackInvoiceData" finished-at="2024-11-11T15:17:56 EET" duration-ms="19262" status="PASS">
          <params>
            <param index="0">
              <value>
                <![CDATA[p_Cashback001]]>
              </value>
            </param>
            <param index="1">
              <value>
                <![CDATA[Nahla]]>
              </value>
            </param>
            <param index="2">
              <value>
                <![CDATA[Aug 01 2024]]>
              </value>
            </param>
            <param index="3">
              <value>
                <![CDATA[Aug 02 2024]]>
              </value>
            </param>
            <param index="4">
              <value>
                <![CDATA[test invoice notes]]>
              </value>
            </param>
            <param index="5">
              <value>
                <![CDATA[1000]]>
              </value>
            </param>
            <param index="6">
              <value>
                <![CDATA[SA_PU_S050-مرتجع]]>
              </value>
            </param>
          </params>
          <reporter-output>
          </reporter-output>
        </test-method> <!-- createNewPurchaseCashbackInvoice -->
      </class> <!-- Tests.CreateNewReturnInvoiceTest -->
    </test> <!-- Default test -->
  </suite> <!-- Default suite -->
</testng-results>
