<?xml version="1.0" encoding="UTF-8"?>
<testng-results ignored="0" total="1" passed="1" failed="0" skipped="0">
  <reporter-output>
  </reporter-output>
  <suite started-at="2024-09-16T13:51:47 EEST" name="Default suite" finished-at="2024-09-16T13:53:58 EEST" duration-ms="130540">
    <groups>
    </groups>
    <test started-at="2024-09-16T13:51:47 EEST" name="Default test" finished-at="2024-09-16T13:53:58 EEST" duration-ms="130540">
      <class name="Tests.CreateNewReturnInvoiceTest">
        <test-method is-config="true" signature="setUp()[pri:0, instance:Tests.CreateNewReturnInvoiceTest@4082ba93]" started-at="2024-09-16T13:51:43 EEST" name="setUp" finished-at="2024-09-16T13:51:47 EEST" duration-ms="4385" status="PASS">
          <reporter-output>
          </reporter-output>
        </test-method> <!-- setUp -->
        <test-method is-config="true" signature="beforeClass()[pri:0, instance:Tests.CreateNewReturnInvoiceTest@4082ba93]" started-at="2024-09-16T13:51:47 EEST" name="beforeClass" finished-at="2024-09-16T13:51:48 EEST" duration-ms="133" status="PASS">
          <reporter-output>
          </reporter-output>
        </test-method> <!-- beforeClass -->
        <test-method is-config="true" signature="login()[pri:0, instance:Tests.CreateNewReturnInvoiceTest@4082ba93]" started-at="2024-09-16T13:51:51 EEST" name="login" finished-at="2024-09-16T13:51:57 EEST" duration-ms="6251" status="PASS">
          <reporter-output>
          </reporter-output>
        </test-method> <!-- login -->
        <test-method signature="createNewPurchaseCashbackInvoice(java.lang.String,java.lang.String,java.lang.String,java.lang.String,java.lang.String,java.lang.String,java.lang.String)[pri:6, instance:Tests.CreateNewReturnInvoiceTest@4082ba93]" started-at="2024-09-16T13:51:57 EEST" name="createNewPurchaseCashbackInvoice" data-provider="getPurchasesCashbackInvoiceData" finished-at="2024-09-16T13:53:58 EEST" duration-ms="120871" status="PASS">
          <params>
            <param index="0">
              <value>
                <![CDATA[p_Cashback001]]>
              </value>
            </param>
            <param index="1">
              <value>
                <![CDATA[Nahla]]>
              </value>
            </param>
            <param index="2">
              <value>
                <![CDATA[Aug 01 2024]]>
              </value>
            </param>
            <param index="3">
              <value>
                <![CDATA[Aug 02 2024]]>
              </value>
            </param>
            <param index="4">
              <value>
                <![CDATA[test invoice notes]]>
              </value>
            </param>
            <param index="5">
              <value>
                <![CDATA[1000]]>
              </value>
            </param>
            <param index="6">
              <value>
                <![CDATA[SA_PU_S050-مرتجع]]>
              </value>
            </param>
          </params>
          <reporter-output>
          </reporter-output>
        </test-method> <!-- createNewPurchaseCashbackInvoice -->
      </class> <!-- Tests.CreateNewReturnInvoiceTest -->
    </test> <!-- Default test -->
  </suite> <!-- Default suite -->
</testng-results>
