<?xml version="1.0" encoding="UTF-8"?>
<testng-results ignored="0" total="1" passed="1" failed="0" skipped="0">
  <reporter-output>
  </reporter-output>
  <suite started-at="2024-09-01T10:30:04 EEST" name="Default suite" finished-at="2024-09-01T10:30:18 EEST" duration-ms="13760">
    <groups>
    </groups>
    <test started-at="2024-09-01T10:30:04 EEST" name="Default test" finished-at="2024-09-01T10:30:18 EEST" duration-ms="13760">
      <class name="Tests.CreateNewReturnInvoiceTest">
        <test-method is-config="true" signature="setUp()[pri:0, instance:Tests.CreateNewReturnInvoiceTest@5386659f]" started-at="2024-09-01T10:29:57 EEST" name="setUp" finished-at="2024-09-01T10:30:04 EEST" duration-ms="7032" status="PASS">
          <reporter-output>
          </reporter-output>
        </test-method> <!-- setUp -->
        <test-method is-config="true" signature="beforeClass()[pri:0, instance:Tests.CreateNewReturnInvoiceTest@5386659f]" started-at="2024-09-01T10:30:04 EEST" name="beforeClass" finished-at="2024-09-01T10:30:04 EEST" duration-ms="60" status="PASS">
          <reporter-output>
          </reporter-output>
        </test-method> <!-- beforeClass -->
        <test-method is-config="true" signature="login()[pri:0, instance:Tests.CreateNewReturnInvoiceTest@5386659f]" started-at="2024-09-01T10:30:04 EEST" name="login" finished-at="2024-09-01T10:30:11 EEST" duration-ms="6956" status="PASS">
          <reporter-output>
          </reporter-output>
        </test-method> <!-- login -->
        <test-method signature="createNewReturnInvoiceWithReferenceInvoice()[pri:0, instance:Tests.CreateNewReturnInvoiceTest@5386659f]" started-at="2024-09-01T10:30:11 EEST" name="createNewReturnInvoiceWithReferenceInvoice" finished-at="2024-09-01T10:30:18 EEST" duration-ms="6674" status="PASS">
          <reporter-output>
          </reporter-output>
        </test-method> <!-- createNewReturnInvoiceWithReferenceInvoice -->
      </class> <!-- Tests.CreateNewReturnInvoiceTest -->
    </test> <!-- Default test -->
  </suite> <!-- Default suite -->
</testng-results>
